1666617021290:add 1 2
1666617049640:add 2 4
1666617524812:addSalesMan Guenter Hannes 6
1666617554713:addSalesMan "Guenter" "Hannes" 6
1666617570951:stacktrace
1666617653250:addSM Guenter Hannes 6
1666619856407:add record 3 3
1666620953312:read SalesMan 2
1666620963734:read salesman 2
1666621921343:query salesman lastname Brauer
1666622099309:stacktrace
1666622291071:query salesman lastname Brauer
1666624924973:read evaluation 3
1666626305286:update salesman 2 {Jakob,Brauer,2}
1666626385412:update salesman 2 {"Jakob", "Brauer", "2"}
1666626443334:update salesman 2 [Jakob, Brauer, 2]
1666627082652:update salesman 2 Jakob null -1
1666627166067:stacktrace
1666627513821:update salesman 2 Jakob Brauer 2
1666627585172:update evaluation 3 5
1666627731332:add record 7 3
1666627772228:update evaluation 3 3 3
1666627825339:delete salesman 4
1666627858802:delete evaluation 3
